<?xml version="1.0" encoding="UTF-8"?>
<testng-results ignored="0" total="1" passed="1" failed="0" skipped="0">
  <reporter-output>
  </reporter-output>
  <suite started-at="2022-08-18T16:06:22 IST" name="Default suite" finished-at="2022-08-18T16:06:25 IST" duration-ms="2466">
    <groups>
    </groups>
    <test started-at="2022-08-18T16:06:22 IST" name="Default test" finished-at="2022-08-18T16:06:25 IST" duration-ms="2466">
      <class name="GitHub.PullTest">
        <test-method signature="PullTest()[pri:0, instance:GitHub.PullTest@429bffaa]" started-at="2022-08-18T16:06:22 IST" name="PullTest" finished-at="2022-08-18T16:06:25 IST" duration-ms="2435" status="PASS">
          <reporter-output>
          </reporter-output>
        </test-method> <!-- PullTest -->
      </class> <!-- GitHub.PullTest -->
    </test> <!-- Default test -->
  </suite> <!-- Default suite -->
</testng-results>
